mode: set
anagram/python/test/anagram-golang/anagrampkg/anagrampkg.go:9.63,23.46 7 1
anagram/python/test/anagram-golang/anagrampkg/anagrampkg.go:32.2,32.36 1 1
anagram/python/test/anagram-golang/anagrampkg/anagrampkg.go:36.2,39.36 3 1
anagram/python/test/anagram-golang/anagrampkg/anagrampkg.go:43.2,43.18 1 1
anagram/python/test/anagram-golang/anagrampkg/anagrampkg.go:23.46,24.23 1 1
anagram/python/test/anagram-golang/anagrampkg/anagrampkg.go:24.23,26.25 2 1
anagram/python/test/anagram-golang/anagrampkg/anagrampkg.go:26.25,28.5 1 1
anagram/python/test/anagram-golang/anagrampkg/anagrampkg.go:32.36,34.3 1 1
anagram/python/test/anagram-golang/anagrampkg/anagrampkg.go:39.36,41.3 1 1
anagram/python/test/anagram-golang/anagrampkg/anagrampkg.go:47.95,50.49 3 1
anagram/python/test/anagram-golang/anagrampkg/anagrampkg.go:51.2,52.48 2 1
anagram/python/test/anagram-golang/anagrampkg/anagrampkg.go:59.2,59.13 1 1
anagram/python/test/anagram-golang/anagrampkg/anagrampkg.go:50.49,50.85 1 1
anagram/python/test/anagram-golang/anagrampkg/anagrampkg.go:52.48,55.3 2 1
anagram/python/test/anagram-golang/anagrampkg/anagrampkg.go:55.8,58.3 2 1
anagram/python/test/anagram-golang/anagrampkg/anagrampkg.go:62.41,65.33 3 1
anagram/python/test/anagram-golang/anagrampkg/anagrampkg.go:71.2,71.17 1 1
anagram/python/test/anagram-golang/anagrampkg/anagrampkg.go:65.33,66.38 1 1
anagram/python/test/anagram-golang/anagrampkg/anagrampkg.go:66.38,69.4 2 1
